<?xml version="1.0" encoding="UTF-8"?>
<!-- Generated by org.testng.reporters.JUnitReportReporter -->
<testsuite name="testCases.InvoiceDetailsAfterApproval" tests="1" time="34.041" ignored="0" failures="0" timestamp="23 Nov 2017 08:27:09 GMT" skipped="0" hostname="DT-TECH-2D80" errors="0">
  <testcase name="loginTest" time="34.041" classname="testCases.InvoiceDetailsAfterApproval"/>
</testsuite> <!-- testCases.InvoiceDetailsAfterApproval -->
