<?xml version="1.0" encoding="UTF-8"?>
<!-- Generated by org.testng.reporters.JUnitReportReporter -->
<testsuite name="testCases.VerifyNewUserCreation" tests="1" time="46.971" ignored="0" failures="0" timestamp="16 Nov 2017 06:20:24 GMT" skipped="0" hostname="DT-TECH-2D80" errors="0">
  <testcase name="loginTest" time="46.971" classname="testCases.VerifyNewUserCreation"/>
</testsuite> <!-- testCases.VerifyNewUserCreation -->
