<?xml version="1.0" encoding="UTF-8"?>
<!-- Generated by org.testng.reporters.JUnitReportReporter -->
<testsuite name="testCases.SubLinksVerificationAdmin" tests="1" time="133.071" ignored="0" failures="0" timestamp="21 Nov 2017 04:13:47 GMT" skipped="0" hostname="DT-TECH-2D80" errors="0">
  <testcase name="loginTest" time="133.071" classname="testCases.SubLinksVerificationAdmin"/>
</testsuite> <!-- testCases.SubLinksVerificationAdmin -->
