<?xml version="1.0" encoding="UTF-8"?>
<!-- Generated by org.testng.reporters.JUnitReportReporter -->
<testsuite name="testCases.UpdateStatusCreateBillPlan" tests="1" time="39.514" ignored="0" failures="0" timestamp="16 Nov 2017 08:48:19 GMT" skipped="0" hostname="DT-TECH-2D80" errors="0">
  <testcase name="loginTest" time="39.514" classname="testCases.UpdateStatusCreateBillPlan"/>
</testsuite> <!-- testCases.UpdateStatusCreateBillPlan -->
