<?xml version="1.0" encoding="UTF-8"?>
<!-- Generated by org.testng.reporters.JUnitReportReporter -->
<testsuite name="InvoiceActivitiesTestCases.ApprovalStatusAfterRejected" tests="1" time="42.397" ignored="0" failures="0" timestamp="23 Nov 2017 12:29:06 GMT" skipped="0" hostname="DT-TECH-2D80" errors="0">
  <testcase name="loginTest" time="42.397" classname="InvoiceActivitiesTestCases.ApprovalStatusAfterRejected"/>
</testsuite> <!-- InvoiceActivitiesTestCases.ApprovalStatusAfterRejected -->
