<?xml version="1.0" encoding="UTF-8"?>
<!-- Generated by org.testng.reporters.JUnitReportReporter -->
<testsuite name="leadActivitiesTestCases.UpdateLeadManually" tests="6" time="312.675" ignored="13" failures="0" timestamp="20 Nov 2017 05:36:48 GMT" skipped="0" hostname="DT-TECH-2D80" errors="0">
  <testcase name="loginTest" time="60.386" classname="leadActivitiesTestCases.UpdateLeadManually"/>
  <testcase name="loginTest" time="48.355" classname="leadActivitiesTestCases.UpdateLeadManually"/>
  <testcase name="loginTest" time="50.044" classname="leadActivitiesTestCases.UpdateLeadManually"/>
  <testcase name="loginTest" time="45.767" classname="leadActivitiesTestCases.UpdateLeadManually"/>
  <testcase name="loginTest" time="44.266" classname="leadActivitiesTestCases.UpdateLeadManually"/>
  <testcase name="loginTest" time="63.857" classname="leadActivitiesTestCases.UpdateLeadManually"/>
  <testcase name="quit" classname="testBase.BaseTest">
    <skipped/>
  </testcase> <!-- quit -->
  <testcase name="quit" classname="testBase.BaseTest">
    <skipped/>
  </testcase> <!-- quit -->
  <testcase name="quit" classname="testBase.BaseTest">
    <skipped/>
  </testcase> <!-- quit -->
  <testcase name="quit" classname="testBase.BaseTest">
    <skipped/>
  </testcase> <!-- quit -->
  <testcase name="quit" classname="testBase.BaseTest">
    <skipped/>
  </testcase> <!-- quit -->
  <testcase name="quit" classname="testBase.BaseTest">
    <skipped/>
  </testcase> <!-- quit -->
  <testcase name="quit" classname="testBase.BaseTest">
    <skipped/>
  </testcase> <!-- quit -->
  <testcase name="quit" classname="testBase.BaseTest">
    <skipped/>
  </testcase> <!-- quit -->
  <testcase name="quit" classname="testBase.BaseTest">
    <skipped/>
  </testcase> <!-- quit -->
  <testcase name="quit" classname="testBase.BaseTest">
    <skipped/>
  </testcase> <!-- quit -->
  <testcase name="quit" classname="testBase.BaseTest">
    <skipped/>
  </testcase> <!-- quit -->
  <testcase name="quit" classname="testBase.BaseTest">
    <skipped/>
  </testcase> <!-- quit -->
  <testcase name="quit" classname="testBase.BaseTest">
    <skipped/>
  </testcase> <!-- quit -->
</testsuite> <!-- leadActivitiesTestCases.UpdateLeadManually -->
