<?xml version="1.0" encoding="UTF-8"?>
<!-- Generated by org.testng.reporters.JUnitReportReporter -->
<testsuite name="testCases.SubLinksVerificationSupervisor" tests="1" time="63.406" ignored="0" failures="0" timestamp="20 Nov 2017 10:51:28 GMT" skipped="0" hostname="DT-TECH-2D80" errors="0">
  <testcase name="loginTest" time="63.406" classname="testCases.SubLinksVerificationSupervisor"/>
</testsuite> <!-- testCases.SubLinksVerificationSupervisor -->
