<?xml version="1.0" encoding="UTF-8"?>
<!-- Generated by org.testng.reporters.JUnitReportReporter -->
<testsuite name="testCases.CreateExpenses" tests="1" time="32.897" ignored="0" failures="0" timestamp="22 Nov 2017 06:57:47 GMT" skipped="0" hostname="DT-TECH-2D80" errors="0">
  <testcase name="loginTest" time="32.897" classname="testCases.CreateExpenses"/>
</testsuite> <!-- testCases.CreateExpenses -->
