<?xml version="1.0" encoding="UTF-8"?>
<!-- Generated by org.testng.reporters.JUnitReportReporter -->
<testsuite name="testCases.UpdateLeadManually" tests="1" time="59.832" ignored="0" failures="0" timestamp="14 Nov 2017 09:36:57 GMT" skipped="0" hostname="DT-TECH-2D80" errors="0">
  <testcase name="loginTest" time="59.832" classname="testCases.UpdateLeadManually"/>
</testsuite> <!-- testCases.UpdateLeadManually -->
