<?xml version="1.0" encoding="UTF-8"?>
<!-- Generated by org.testng.reporters.JUnitReportReporter -->
<testsuite name="adminActivitiesTestCases.VerifyTheStatusCreatedBillPlan" tests="1" time="22.425" ignored="6" failures="0" timestamp="20 Nov 2017 05:17:36 GMT" skipped="0" hostname="DT-TECH-2D80" errors="0">
  <testcase name="loginTest" time="22.425" classname="adminActivitiesTestCases.VerifyTheStatusCreatedBillPlan"/>
  <testcase name="quit" classname="testBase.BaseTest">
    <skipped/>
  </testcase> <!-- quit -->
  <testcase name="quit" classname="testBase.BaseTest">
    <skipped/>
  </testcase> <!-- quit -->
  <testcase name="quit" classname="testBase.BaseTest">
    <skipped/>
  </testcase> <!-- quit -->
  <testcase name="quit" classname="testBase.BaseTest">
    <skipped/>
  </testcase> <!-- quit -->
  <testcase name="quit" classname="testBase.BaseTest">
    <skipped/>
  </testcase> <!-- quit -->
  <testcase name="quit" classname="testBase.BaseTest">
    <skipped/>
  </testcase> <!-- quit -->
</testsuite> <!-- adminActivitiesTestCases.VerifyTheStatusCreatedBillPlan -->
