<?xml version="1.0" encoding="UTF-8"?>
<!-- Generated by org.testng.reporters.JUnitReportReporter -->
<testsuite skipped="0" hostname="DT-TECH-2D80" name="testCases.LoginFunctionality" tests="1" failures="0" timestamp="24 Apr 2018 12:25:51 GMT" time="12.756" errors="0">
  <testcase name="loginTest" time="12.756" classname="testCases.LoginFunctionality"/>
</testsuite> <!-- testCases.LoginFunctionality -->
