<?xml version="1.0" encoding="UTF-8"?>
<!-- Generated by org.testng.reporters.JUnitReportReporter -->
<testsuite name="testCases.UploadLeadStatus" tests="1" time="78.283" ignored="0" failures="0" timestamp="15 Nov 2017 06:42:08 GMT" skipped="0" hostname="DT-TECH-2D80" errors="0">
  <testcase name="loginTest" time="78.283" classname="testCases.UploadLeadStatus"/>
</testsuite> <!-- testCases.UploadLeadStatus -->
