<?xml version="1.0" encoding="UTF-8"?>
<!-- Generated by org.testng.reporters.JUnitReportReporter -->
<testsuite name="testCases.QueryOption" tests="1" time="39.005" ignored="0" failures="0" timestamp="15 Nov 2017 12:38:11 GMT" skipped="0" hostname="DT-TECH-2D80" errors="0">
  <testcase name="loginTest" time="39.005" classname="testCases.QueryOption"/>
</testsuite> <!-- testCases.QueryOption -->
