<?xml version="1.0" encoding="UTF-8"?>
<!-- Generated by org.testng.reporters.JUnitReportReporter -->
<testsuite name="testCases.FindPassword" tests="1" time="31.822" ignored="0" failures="0" timestamp="22 Nov 2017 07:04:46 GMT" skipped="0" hostname="DT-TECH-2D80" errors="0">
  <testcase name="loginTest" time="31.822" classname="testCases.FindPassword"/>
</testsuite> <!-- testCases.FindPassword -->
