<?xml version="1.0" encoding="UTF-8"?>
<!-- Generated by org.testng.reporters.JUnitReportReporter -->
<testsuite skipped="0" hostname="DT-TECH-2D80" name="testCases.UrlVerification" tests="1" failures="0" timestamp="24 Apr 2018 12:25:51 GMT" time="10.502" errors="0">
  <testcase name="loginTest" time="10.502" classname="testCases.UrlVerification"/>
</testsuite> <!-- testCases.UrlVerification -->
