<?xml version="1.0" encoding="UTF-8"?>
<!-- Generated by org.testng.reporters.JUnitReportReporter -->
<testsuite name="testCases.UploadLeadReallocation" tests="1" time="102.423" ignored="0" failures="0" timestamp="15 Nov 2017 09:50:43 GMT" skipped="0" hostname="DT-TECH-2D80" errors="0">
  <testcase name="loginTest" time="102.423" classname="testCases.UploadLeadReallocation"/>
</testsuite> <!-- testCases.UploadLeadReallocation -->
