<?xml version="1.0" encoding="UTF-8"?>
<!-- Generated by org.testng.reporters.JUnitReportReporter -->
<testsuite skipped="0" hostname="DT-TECH-2D80" name="testCases.TeleCallerEntryNotIntrested" tests="10" failures="0" timestamp="11 Apr 2018 07:03:41 GMT" time="378.339" errors="0">
  <testcase name="loginTest" time="37.885" classname="testCases.TeleCallerEntryNotIntrested"/>
  <testcase name="loginTest" time="38.085" classname="testCases.TeleCallerEntryNotIntrested"/>
  <testcase name="loginTest" time="37.657" classname="testCases.TeleCallerEntryNotIntrested"/>
  <testcase name="loginTest" time="37.689" classname="testCases.TeleCallerEntryNotIntrested"/>
  <testcase name="loginTest" time="37.693" classname="testCases.TeleCallerEntryNotIntrested"/>
  <testcase name="loginTest" time="37.781" classname="testCases.TeleCallerEntryNotIntrested"/>
  <testcase name="loginTest" time="37.784" classname="testCases.TeleCallerEntryNotIntrested"/>
  <testcase name="loginTest" time="37.729" classname="testCases.TeleCallerEntryNotIntrested"/>
  <testcase name="loginTest" time="38.107" classname="testCases.TeleCallerEntryNotIntrested"/>
  <testcase name="loginTest" time="37.929" classname="testCases.TeleCallerEntryNotIntrested"/>
</testsuite> <!-- testCases.TeleCallerEntryNotIntrested -->
