<?xml version="1.0" encoding="UTF-8"?>
<!-- Generated by org.testng.reporters.JUnitReportReporter -->
<testsuite name="testCases.UploadLeadData" tests="1" time="73.719" ignored="0" failures="0" timestamp="15 Nov 2017 06:11:24 GMT" skipped="0" hostname="DT-TECH-2D80" errors="0">
  <testcase name="loginTest" time="73.719" classname="testCases.UploadLeadData"/>
</testsuite> <!-- testCases.UploadLeadData -->
