<?xml version="1.0" encoding="UTF-8"?>
<!-- Generated by org.testng.reporters.JUnitReportReporter -->
<testsuite name="testCases.CloseTheBatch" tests="1" time="59.650" ignored="0" failures="0" timestamp="23 Nov 2017 06:18:28 GMT" skipped="0" hostname="DT-TECH-2D80" errors="0">
  <testcase name="loginTest" time="59.650" classname="testCases.CloseTheBatch"/>
</testsuite> <!-- testCases.CloseTheBatch -->
