<?xml version="1.0" encoding="UTF-8"?>
<!-- Generated by org.testng.reporters.JUnitReportReporter -->
<testsuite name="adminActivitiesTestCases.UrlVerification" tests="2" time="185.268" ignored="9" failures="0" timestamp="17 Nov 2017 10:38:24 GMT" skipped="0" hostname="DT-TECH-2D80" errors="1">
  <testcase name="loginTest" time="95.141" classname="adminActivitiesTestCases.UrlVerification"/>
  <testcase name="loginTest" time="90.127" classname="adminActivitiesTestCases.UrlVerification">
    <error type="org.openqa.selenium.WebDriverException" message="Failed to connect to binary FirefoxBinary(C:\Program Files (x86)\Mozilla Firefox\firefox.exe) on port 7055; process output follows: 
],&quot;targetPlatforms&quot;:[],&quot;multiprocessCompatible&quot;:false,&quot;seen&quot;:true}
1510914122755	addons.xpi	DEBUG	getModTime: Recursive scan of websensehelper@mozilla.org
1510914122756	addons.xpi	DEBUG	Updating XPIState for {&quot;id&quot;:&quot;{972ce4c6-7e08-4474-a285-3208198ce6fd}&quot;,&quot;syncGUID&quot;:&quot;GNIGIIvzWVKv&quot;,&quot;location&quot;:&quot;app-global&quot;,&quot;version&quot;:&quot;47.0.2&quot;,&quot;type&quot;:&quot;theme&quot;,&quot;internalName&quot;:&quot;classic/1.0&quot;,&quot;updateURL&quot;:null,&quot;updateKey&quot;:null,&quot;optionsURL&quot;:null,&quot;optionsType&quot;:null,&quot;aboutURL&quot;:null,&quot;icons&quot;:{&quot;32&quot;:&quot;icon.png&quot;,&quot;48&quot;:&quot;icon.png&quot;},&quot;iconURL&quot;:null,&quot;icon64URL&quot;:null,&quot;defaultLocale&quot;:{&quot;name&quot;:&quot;Default&quot;,&quot;description&quot;:&quot;The default theme.&quot;,&quot;creator&quot;:&quot;Mozilla&quot;,&quot;homepageURL&quot;:null,&quot;contributors&quot;:[&quot;Mozilla Contributors&quot;]},&quot;visible&quot;:true,&quot;active&quot;:true,&quot;userDisabled&quot;:false,&quot;appDisabled&quot;:false,&quot;descriptor&quot;:&quot;C:\\Program Files (x86)\\Mozilla Firefox\\browser\\extensions\\{972ce4c6-7e08-4474-a285-3208198ce6fd}.xpi&quot;,&quot;installDate&quot;:1502191604157,&quot;updateDate&quot;:1502191604157,&quot;applyBackgroundUpdates&quot;:1,&quot;skinnable&quot;:true,&quot;size&quot;:22012,&quot;sourceURI&quot;:null,&quot;releaseNotesURI&quot;:null,&quot;softDisabled&quot;:false,&quot;foreignInstall&quot;:false,&quot;hasBinaryComponents&quot;:false,&quot;strictCompatibility&quot;:true,&quot;locales&quot;:[],&quot;targetApplications&quot;:[{&quot;id&quot;:&quot;{ec8030f7-c20a-464f-9b0e-13a3a9e97384}&quot;,&quot;minVersion&quot;:&quot;47.0.2&quot;,&quot;maxVersion&quot;:&quot;47.0.2&quot;}],&quot;targetPlatforms&quot;:[],&quot;seen&quot;:true}
1510914122756	addons.xpi	DEBUG	getModTime: Recursive scan of {972ce4c6-7e08-4474-a285-3208198ce6fd}
1510914122757	DeferredSave.extensions.json	DEBUG	Save changes
1510914122758	addons.xpi	DEBUG	Updating database with changes to installed add-ons
1510914122758	addons.xpi-utils	DEBUG	Updating add-on states
1510914122758	addons.xpi-utils	DEBUG	Writing add-ons list
1510914122762	addons.xpi	DEBUG	Registering manifest for C:\Program Files (x86)\Mozilla Firefox\browser\features\e10srollout@mozilla.org.xpi
1510914122762	addons.xpi	DEBUG	Calling bootstrap method startup on e10srollout@mozilla.org version 1.0
1510914122763	addons.xpi	DEBUG	Registering manifest for C:\Program Files (x86)\Mozilla Firefox\browser\features\firefox@getpocket.com.xpi
1510914122763	addons.xpi	DEBUG	Calling bootstrap method startup on firefox@getpocket.com version 1.0.2
1510914122764	addons.xpi	DEBUG	Registering manifest for C:\Program Files (x86)\Mozilla Firefox\browser\features\loop@mozilla.org.xpi
1510914122765	addons.xpi	DEBUG	Calling bootstrap method startup on loop@mozilla.org version 1.3.2
1510914122784	addons.xpi	DEBUG	Registering manifest for C:\Program Files (x86)\Mozilla Firefox\browser\features\websensehelper@mozilla.org.xpi
1510914122784	addons.xpi	DEBUG	Calling bootstrap method startup on websensehelper@mozilla.org version 1.0
1510914122787	addons.manager	DEBUG	Registering shutdown blocker for XPIProvider
1510914122788	addons.manager	DEBUG	Provider finished startup: XPIProvider
1510914122788	addons.manager	DEBUG	Starting provider: LightweightThemeManager
1510914122788	addons.manager	DEBUG	Registering shutdown blocker for LightweightThemeManager
1510914122788	addons.manager	DEBUG	Provider finished startup: LightweightThemeManager
1510914122788	addons.manager	DEBUG	Starting provider: GMPProvider
1510914122795	addons.manager	DEBUG	Registering shutdown blocker for GMPProvider
1510914122795	addons.manager	DEBUG	Provider finished startup: GMPProvider
1510914122795	addons.manager	DEBUG	Starting provider: PluginProvider
1510914122795	addons.manager	DEBUG	Registering shutdown blocker for PluginProvider
1510914122798	addons.manager	DEBUG	Provider finished startup: PluginProvider
1510914122799	addons.manager	DEBUG	Completed startup sequence
1510914131482	addons.manager	DEBUG	Starting provider: &lt;unnamed-provider&gt;
1510914131482	addons.manager	DEBUG	Registering shutdown blocker for &lt;unnamed-provider&gt;
1510914131483	addons.manager	DEBUG	Provider finished startup: &lt;unnamed-provider&gt;
1510914142152	DeferredSave.extensions.json	DEBUG	Write succeeded
1510914142152	addons.xpi-utils	DEBUG	XPI Database saved, setting schema version preference to 17
1510914142152	DeferredSave.extensions.json	DEBUG	Starting timer
1510914142175	DeferredSave.extensions.json	DEBUG	Starting write

Build info: version: &#039;2.53.1&#039;, revision: &#039;a36b8b1cd5757287168e54b817830adce9b0158d&#039;, time: &#039;2016-06-30 19:26:09&#039;
System info: host: &#039;DT-TECH-2D80&#039;, ip: &#039;192.168.203.83&#039;, os.name: &#039;Windows 8.1&#039;, os.arch: &#039;amd64&#039;, os.version: &#039;6.3&#039;, java.version: &#039;1.8.0_112&#039;
Driver info: driver.version: FirefoxDriver">
      <![CDATA[org.openqa.selenium.WebDriverException: Failed to connect to binary FirefoxBinary(C:\Program Files (x86)\Mozilla Firefox\firefox.exe) on port 7055; process output follows: 
],"targetPlatforms":[],"multiprocessCompatible":false,"seen":true}
1510914122755	addons.xpi	DEBUG	getModTime: Recursive scan of websensehelper@mozilla.org
1510914122756	addons.xpi	DEBUG	Updating XPIState for {"id":"{972ce4c6-7e08-4474-a285-3208198ce6fd}","syncGUID":"GNIGIIvzWVKv","location":"app-global","version":"47.0.2","type":"theme","internalName":"classic/1.0","updateURL":null,"updateKey":null,"optionsURL":null,"optionsType":null,"aboutURL":null,"icons":{"32":"icon.png","48":"icon.png"},"iconURL":null,"icon64URL":null,"defaultLocale":{"name":"Default","description":"The default theme.","creator":"Mozilla","homepageURL":null,"contributors":["Mozilla Contributors"]},"visible":true,"active":true,"userDisabled":false,"appDisabled":false,"descriptor":"C:\\Program Files (x86)\\Mozilla Firefox\\browser\\extensions\\{972ce4c6-7e08-4474-a285-3208198ce6fd}.xpi","installDate":1502191604157,"updateDate":1502191604157,"applyBackgroundUpdates":1,"skinnable":true,"size":22012,"sourceURI":null,"releaseNotesURI":null,"softDisabled":false,"foreignInstall":false,"hasBinaryComponents":false,"strictCompatibility":true,"locales":[],"targetApplications":[{"id":"{ec8030f7-c20a-464f-9b0e-13a3a9e97384}","minVersion":"47.0.2","maxVersion":"47.0.2"}],"targetPlatforms":[],"seen":true}
1510914122756	addons.xpi	DEBUG	getModTime: Recursive scan of {972ce4c6-7e08-4474-a285-3208198ce6fd}
1510914122757	DeferredSave.extensions.json	DEBUG	Save changes
1510914122758	addons.xpi	DEBUG	Updating database with changes to installed add-ons
1510914122758	addons.xpi-utils	DEBUG	Updating add-on states
1510914122758	addons.xpi-utils	DEBUG	Writing add-ons list
1510914122762	addons.xpi	DEBUG	Registering manifest for C:\Program Files (x86)\Mozilla Firefox\browser\features\e10srollout@mozilla.org.xpi
1510914122762	addons.xpi	DEBUG	Calling bootstrap method startup on e10srollout@mozilla.org version 1.0
1510914122763	addons.xpi	DEBUG	Registering manifest for C:\Program Files (x86)\Mozilla Firefox\browser\features\firefox@getpocket.com.xpi
1510914122763	addons.xpi	DEBUG	Calling bootstrap method startup on firefox@getpocket.com version 1.0.2
1510914122764	addons.xpi	DEBUG	Registering manifest for C:\Program Files (x86)\Mozilla Firefox\browser\features\loop@mozilla.org.xpi
1510914122765	addons.xpi	DEBUG	Calling bootstrap method startup on loop@mozilla.org version 1.3.2
1510914122784	addons.xpi	DEBUG	Registering manifest for C:\Program Files (x86)\Mozilla Firefox\browser\features\websensehelper@mozilla.org.xpi
1510914122784	addons.xpi	DEBUG	Calling bootstrap method startup on websensehelper@mozilla.org version 1.0
1510914122787	addons.manager	DEBUG	Registering shutdown blocker for XPIProvider
1510914122788	addons.manager	DEBUG	Provider finished startup: XPIProvider
1510914122788	addons.manager	DEBUG	Starting provider: LightweightThemeManager
1510914122788	addons.manager	DEBUG	Registering shutdown blocker for LightweightThemeManager
1510914122788	addons.manager	DEBUG	Provider finished startup: LightweightThemeManager
1510914122788	addons.manager	DEBUG	Starting provider: GMPProvider
1510914122795	addons.manager	DEBUG	Registering shutdown blocker for GMPProvider
1510914122795	addons.manager	DEBUG	Provider finished startup: GMPProvider
1510914122795	addons.manager	DEBUG	Starting provider: PluginProvider
1510914122795	addons.manager	DEBUG	Registering shutdown blocker for PluginProvider
1510914122798	addons.manager	DEBUG	Provider finished startup: PluginProvider
1510914122799	addons.manager	DEBUG	Completed startup sequence
1510914131482	addons.manager	DEBUG	Starting provider: <unnamed-provider>
1510914131482	addons.manager	DEBUG	Registering shutdown blocker for <unnamed-provider>
1510914131483	addons.manager	DEBUG	Provider finished startup: <unnamed-provider>
1510914142152	DeferredSave.extensions.json	DEBUG	Write succeeded
1510914142152	addons.xpi-utils	DEBUG	XPI Database saved, setting schema version preference to 17
1510914142152	DeferredSave.extensions.json	DEBUG	Starting timer
1510914142175	DeferredSave.extensions.json	DEBUG	Starting write

Build info: version: '2.53.1', revision: 'a36b8b1cd5757287168e54b817830adce9b0158d', time: '2016-06-30 19:26:09'
System info: host: 'DT-TECH-2D80', ip: '192.168.203.83', os.name: 'Windows 8.1', os.arch: 'amd64', os.version: '6.3', java.version: '1.8.0_112'
Driver info: driver.version: FirefoxDriver
	at org.openqa.selenium.firefox.internal.NewProfileExtensionConnection.start(NewProfileExtensionConnection.java:125)
	at org.openqa.selenium.firefox.FirefoxDriver.startClient(FirefoxDriver.java:271)
	at org.openqa.selenium.remote.RemoteWebDriver.<init>(RemoteWebDriver.java:119)
	at org.openqa.selenium.firefox.FirefoxDriver.<init>(FirefoxDriver.java:216)
	at org.openqa.selenium.firefox.FirefoxDriver.<init>(FirefoxDriver.java:211)
	at org.openqa.selenium.firefox.FirefoxDriver.<init>(FirefoxDriver.java:207)
	at org.openqa.selenium.firefox.FirefoxDriver.<init>(FirefoxDriver.java:120)
	at testKeywords.GenericKeywords.openBrowser(GenericKeywords.java:67)
	at testKeywords.Keyword.executeKeywords(Keyword.java:53)
	at adminActivitiesTestCases.UrlVerification.loginTest(UrlVerification.java:39)
	at sun.reflect.NativeMethodAccessorImpl.invoke0(Native Method)
	at sun.reflect.NativeMethodAccessorImpl.invoke(NativeMethodAccessorImpl.java:62)
	at sun.reflect.DelegatingMethodAccessorImpl.invoke(DelegatingMethodAccessorImpl.java:43)
	at java.lang.reflect.Method.invoke(Method.java:498)
	at org.testng.internal.MethodInvocationHelper.invokeMethod(MethodInvocationHelper.java:104)
	at org.testng.internal.Invoker.invokeMethod(Invoker.java:645)
	at org.testng.internal.Invoker.invokeTestMethod(Invoker.java:851)
	at org.testng.internal.Invoker.invokeTestMethods(Invoker.java:1177)
	at org.testng.internal.TestMethodWorker.invokeTestMethods(TestMethodWorker.java:129)
	at org.testng.internal.TestMethodWorker.run(TestMethodWorker.java:112)
	at org.testng.TestRunner.privateRun(TestRunner.java:756)
	at org.testng.TestRunner.run(TestRunner.java:610)
	at org.testng.SuiteRunner.runTest(SuiteRunner.java:387)
	at org.testng.SuiteRunner.runSequentially(SuiteRunner.java:382)
	at org.testng.SuiteRunner.privateRun(SuiteRunner.java:340)
	at org.testng.SuiteRunner.run(SuiteRunner.java:289)
	at org.testng.SuiteRunnerWorker.runSuite(SuiteRunnerWorker.java:52)
	at org.testng.SuiteRunnerWorker.run(SuiteRunnerWorker.java:86)
	at org.testng.TestNG.runSuitesSequentially(TestNG.java:1293)
	at org.testng.TestNG.runSuitesLocally(TestNG.java:1218)
	at org.testng.TestNG.runSuites(TestNG.java:1133)
	at org.testng.TestNG.run(TestNG.java:1104)
	at org.testng.remote.AbstractRemoteTestNG.run(AbstractRemoteTestNG.java:132)
	at org.testng.remote.RemoteTestNG.initAndRun(RemoteTestNG.java:236)
	at org.testng.remote.RemoteTestNG.main(RemoteTestNG.java:81)
Caused by: org.openqa.selenium.firefox.NotConnectedException: Unable to connect to host 127.0.0.1 on port 7055 after 45000 ms. Firefox console output:
],"targetPlatforms":[],"multiprocessCompatible":false,"seen":true}
1510914122755	addons.xpi	DEBUG	getModTime: Recursive scan of websensehelper@mozilla.org
1510914122756	addons.xpi	DEBUG	Updating XPIState for {"id":"{972ce4c6-7e08-4474-a285-3208198ce6fd}","syncGUID":"GNIGIIvzWVKv","location":"app-global","version":"47.0.2","type":"theme","internalName":"classic/1.0","updateURL":null,"updateKey":null,"optionsURL":null,"optionsType":null,"aboutURL":null,"icons":{"32":"icon.png","48":"icon.png"},"iconURL":null,"icon64URL":null,"defaultLocale":{"name":"Default","description":"The default theme.","creator":"Mozilla","homepageURL":null,"contributors":["Mozilla Contributors"]},"visible":true,"active":true,"userDisabled":false,"appDisabled":false,"descriptor":"C:\\Program Files (x86)\\Mozilla Firefox\\browser\\extensions\\{972ce4c6-7e08-4474-a285-3208198ce6fd}.xpi","installDate":1502191604157,"updateDate":1502191604157,"applyBackgroundUpdates":1,"skinnable":true,"size":22012,"sourceURI":null,"releaseNotesURI":null,"softDisabled":false,"foreignInstall":false,"hasBinaryComponents":false,"strictCompatibility":true,"locales":[],"targetApplications":[{"id":"{ec8030f7-c20a-464f-9b0e-13a3a9e97384}","minVersion":"47.0.2","maxVersion":"47.0.2"}],"targetPlatforms":[],"seen":true}
1510914122756	addons.xpi	DEBUG	getModTime: Recursive scan of {972ce4c6-7e08-4474-a285-3208198ce6fd}
1510914122757	DeferredSave.extensions.json	DEBUG	Save changes
1510914122758	addons.xpi	DEBUG	Updating database with changes to installed add-ons
1510914122758	addons.xpi-utils	DEBUG	Updating add-on states
1510914122758	addons.xpi-utils	DEBUG	Writing add-ons list
1510914122762	addons.xpi	DEBUG	Registering manifest for C:\Program Files (x86)\Mozilla Firefox\browser\features\e10srollout@mozilla.org.xpi
1510914122762	addons.xpi	DEBUG	Calling bootstrap method startup on e10srollout@mozilla.org version 1.0
1510914122763	addons.xpi	DEBUG	Registering manifest for C:\Program Files (x86)\Mozilla Firefox\browser\features\firefox@getpocket.com.xpi
1510914122763	addons.xpi	DEBUG	Calling bootstrap method startup on firefox@getpocket.com version 1.0.2
1510914122764	addons.xpi	DEBUG	Registering manifest for C:\Program Files (x86)\Mozilla Firefox\browser\features\loop@mozilla.org.xpi
1510914122765	addons.xpi	DEBUG	Calling bootstrap method startup on loop@mozilla.org version 1.3.2
1510914122784	addons.xpi	DEBUG	Registering manifest for C:\Program Files (x86)\Mozilla Firefox\browser\features\websensehelper@mozilla.org.xpi
1510914122784	addons.xpi	DEBUG	Calling bootstrap method startup on websensehelper@mozilla.org version 1.0
1510914122787	addons.manager	DEBUG	Registering shutdown blocker for XPIProvider
1510914122788	addons.manager	DEBUG	Provider finished startup: XPIProvider
1510914122788	addons.manager	DEBUG	Starting provider: LightweightThemeManager
1510914122788	addons.manager	DEBUG	Registering shutdown blocker for LightweightThemeManager
1510914122788	addons.manager	DEBUG	Provider finished startup: LightweightThemeManager
1510914122788	addons.manager	DEBUG	Starting provider: GMPProvider
1510914122795	addons.manager	DEBUG	Registering shutdown blocker for GMPProvider
1510914122795	addons.manager	DEBUG	Provider finished startup: GMPProvider
1510914122795	addons.manager	DEBUG	Starting provider: PluginProvider
1510914122795	addons.manager	DEBUG	Registering shutdown blocker for PluginProvider
1510914122798	addons.manager	DEBUG	Provider finished startup: PluginProvider
1510914122799	addons.manager	DEBUG	Completed startup sequence
1510914131482	addons.manager	DEBUG	Starting provider: <unnamed-provider>
1510914131482	addons.manager	DEBUG	Registering shutdown blocker for <unnamed-provider>
1510914131483	addons.manager	DEBUG	Provider finished startup: <unnamed-provider>
1510914142152	DeferredSave.extensions.json	DEBUG	Write succeeded
1510914142152	addons.xpi-utils	DEBUG	XPI Database saved, setting schema version preference to 17
1510914142152	DeferredSave.extensions.json	DEBUG	Starting timer
1510914142175	DeferredSave.extensions.json	DEBUG	Starting write

	at org.openqa.selenium.firefox.internal.NewProfileExtensionConnection.start(NewProfileExtensionConnection.java:113)
	... 34 more
]]>
    </error>
  </testcase> <!-- loginTest -->
  <testcase name="quit" classname="testBase.BaseTest">
    <skipped/>
  </testcase> <!-- quit -->
  <testcase name="quit" classname="testBase.BaseTest">
    <skipped/>
  </testcase> <!-- quit -->
  <testcase name="quit" classname="testBase.BaseTest">
    <skipped/>
  </testcase> <!-- quit -->
  <testcase name="quit" classname="testBase.BaseTest">
    <skipped/>
  </testcase> <!-- quit -->
  <testcase name="quit" classname="testBase.BaseTest">
    <skipped/>
  </testcase> <!-- quit -->
  <testcase name="quit" classname="testBase.BaseTest">
    <skipped/>
  </testcase> <!-- quit -->
  <testcase name="quit" classname="testBase.BaseTest">
    <skipped/>
  </testcase> <!-- quit -->
  <testcase name="quit" classname="testBase.BaseTest">
    <skipped/>
  </testcase> <!-- quit -->
  <testcase name="quit" classname="testBase.BaseTest">
    <skipped/>
  </testcase> <!-- quit -->
</testsuite> <!-- adminActivitiesTestCases.UrlVerification -->
