<?xml version="1.0" encoding="UTF-8"?>
<!-- Generated by org.testng.reporters.JUnitReportReporter -->
<testsuite name="testCases.LeadSummaryReport" tests="1" time="57.070" ignored="0" failures="0" timestamp="15 Nov 2017 12:21:04 GMT" skipped="0" hostname="DT-TECH-2D80" errors="0">
  <testcase name="loginTest" time="57.070" classname="testCases.LeadSummaryReport"/>
</testsuite> <!-- testCases.LeadSummaryReport -->
