<?xml version="1.0" encoding="UTF-8"?>
<!-- Generated by org.testng.reporters.JUnitReportReporter -->
<testsuite name="testCases.UpdateLeadReallocationAssign" tests="1" time="90.580" ignored="0" failures="0" timestamp="14 Nov 2017 06:48:33 GMT" skipped="0" hostname="DT-TECH-2D80" errors="0">
  <testcase name="loginTest" time="90.580" classname="testCases.UpdateLeadReallocationAssign"/>
</testsuite> <!-- testCases.UpdateLeadReallocationAssign -->
