<?xml version="1.0" encoding="UTF-8"?>
<!-- Generated by org.testng.reporters.JUnitReportReporter -->
<testsuite skipped="0" hostname="DT-TECH-2D80" name="SmokeTestCases.LoginVerification" tests="11" failures="0" timestamp="13 Jan 2018 05:19:56 GMT" time="135.757" errors="0">
  <testcase name="loginTest" time="12.552" classname="SmokeTestCases.LoginVerification"/>
  <testcase name="loginTest" time="15.311" classname="SmokeTestCases.LoginVerification"/>
  <testcase name="loginTest" time="11.850" classname="SmokeTestCases.LoginVerification"/>
  <testcase name="loginTest" time="11.763" classname="SmokeTestCases.LoginVerification"/>
  <testcase name="loginTest" time="11.888" classname="SmokeTestCases.LoginVerification"/>
  <testcase name="loginTest" time="12.500" classname="SmokeTestCases.LoginVerification"/>
  <testcase name="loginTest" time="12.638" classname="SmokeTestCases.LoginVerification"/>
  <testcase name="loginTest" time="11.720" classname="SmokeTestCases.LoginVerification"/>
  <testcase name="loginTest" time="12.001" classname="SmokeTestCases.LoginVerification"/>
  <testcase name="loginTest" time="11.743" classname="SmokeTestCases.LoginVerification"/>
  <testcase name="loginTest" time="11.791" classname="SmokeTestCases.LoginVerification"/>
</testsuite> <!-- SmokeTestCases.LoginVerification -->
