<?xml version="1.0" encoding="UTF-8"?>
<!-- Generated by org.testng.reporters.JUnitReportReporter -->
<testsuite name="testCases.CreateNewBatch" tests="1" time="84.097" ignored="0" failures="0" timestamp="21 Nov 2017 05:47:04 GMT" skipped="0" hostname="DT-TECH-2D80" errors="0">
  <testcase name="loginTest" time="84.097" classname="testCases.CreateNewBatch"/>
</testsuite> <!-- testCases.CreateNewBatch -->
