<?xml version="1.0" encoding="UTF-8"?>
<!-- Generated by org.testng.reporters.JUnitReportReporter -->
<testsuite name="testCases.VerifyTheCreatedBillPlan" tests="1" time="42.219" ignored="0" failures="0" timestamp="16 Nov 2017 08:22:58 GMT" skipped="0" hostname="DT-TECH-2D80" errors="0">
  <testcase name="loginTest" time="42.219" classname="testCases.VerifyTheCreatedBillPlan"/>
</testsuite> <!-- testCases.VerifyTheCreatedBillPlan -->
