<?xml version="1.0" encoding="UTF-8"?>
<!-- Generated by org.testng.reporters.JUnitReportReporter -->
<testsuite name="testCases.PendingBatchesList" tests="1" time="76.997" ignored="0" failures="0" timestamp="21 Nov 2017 10:10:03 GMT" skipped="0" hostname="DT-TECH-2D80" errors="0">
  <testcase name="loginTest" time="76.997" classname="testCases.PendingBatchesList"/>
</testsuite> <!-- testCases.PendingBatchesList -->
