<?xml version="1.0" encoding="UTF-8"?>
<!-- Generated by org.testng.reporters.JUnitReportReporter -->
<testsuite skipped="0" hostname="DT-TECH-2D80" name="testCases.TeleCallerEntryAppointmentCallTime" tests="9" failures="0" timestamp="11 Apr 2018 07:03:41 GMT" time="364.629" errors="0">
  <testcase name="loginTest" time="38.475" classname="testCases.TeleCallerEntryAppointmentCallTime"/>
  <testcase name="loginTest" time="39.291" classname="testCases.TeleCallerEntryAppointmentCallTime"/>
  <testcase name="loginTest" time="39.171" classname="testCases.TeleCallerEntryAppointmentCallTime"/>
  <testcase name="loginTest" time="39.059" classname="testCases.TeleCallerEntryAppointmentCallTime"/>
  <testcase name="loginTest" time="55.745" classname="testCases.TeleCallerEntryAppointmentCallTime"/>
  <testcase name="loginTest" time="38.478" classname="testCases.TeleCallerEntryAppointmentCallTime"/>
  <testcase name="loginTest" time="38.844" classname="testCases.TeleCallerEntryAppointmentCallTime"/>
  <testcase name="loginTest" time="36.398" classname="testCases.TeleCallerEntryAppointmentCallTime"/>
  <testcase name="loginTest" time="39.168" classname="testCases.TeleCallerEntryAppointmentCallTime"/>
</testsuite> <!-- testCases.TeleCallerEntryAppointmentCallTime -->
