<?xml version="1.0" encoding="UTF-8"?>
<!-- Generated by org.testng.reporters.JUnitReportReporter -->
<testsuite name="testCases.UpdateLeadStatus" tests="1" time="27.464" ignored="0" failures="0" timestamp="14 Nov 2017 05:20:36 GMT" skipped="0" hostname="DT-TECH-2D80" errors="0">
  <testcase name="loginTest" time="27.464" classname="testCases.UpdateLeadStatus"/>
</testsuite> <!-- testCases.UpdateLeadStatus -->
