<?xml version="1.0" encoding="UTF-8"?>
<!-- Generated by org.testng.reporters.JUnitReportReporter -->
<testsuite name="leadActivitiesTestCases.UpdateLeadReallocation" tests="6" time="188.231" ignored="13" failures="0" timestamp="20 Nov 2017 05:36:50 GMT" skipped="0" hostname="DT-TECH-2D80" errors="0">
  <testcase name="loginTest" time="33.103" classname="leadActivitiesTestCases.UpdateLeadReallocation"/>
  <testcase name="loginTest" time="28.977" classname="leadActivitiesTestCases.UpdateLeadReallocation"/>
  <testcase name="loginTest" time="25.375" classname="leadActivitiesTestCases.UpdateLeadReallocation"/>
  <testcase name="loginTest" time="30.193" classname="leadActivitiesTestCases.UpdateLeadReallocation"/>
  <testcase name="loginTest" time="37.133" classname="leadActivitiesTestCases.UpdateLeadReallocation"/>
  <testcase name="loginTest" time="33.450" classname="leadActivitiesTestCases.UpdateLeadReallocation"/>
  <testcase name="quit" classname="testBase.BaseTest">
    <skipped/>
  </testcase> <!-- quit -->
  <testcase name="quit" classname="testBase.BaseTest">
    <skipped/>
  </testcase> <!-- quit -->
  <testcase name="quit" classname="testBase.BaseTest">
    <skipped/>
  </testcase> <!-- quit -->
  <testcase name="quit" classname="testBase.BaseTest">
    <skipped/>
  </testcase> <!-- quit -->
  <testcase name="quit" classname="testBase.BaseTest">
    <skipped/>
  </testcase> <!-- quit -->
  <testcase name="quit" classname="testBase.BaseTest">
    <skipped/>
  </testcase> <!-- quit -->
  <testcase name="quit" classname="testBase.BaseTest">
    <skipped/>
  </testcase> <!-- quit -->
  <testcase name="quit" classname="testBase.BaseTest">
    <skipped/>
  </testcase> <!-- quit -->
  <testcase name="quit" classname="testBase.BaseTest">
    <skipped/>
  </testcase> <!-- quit -->
  <testcase name="quit" classname="testBase.BaseTest">
    <skipped/>
  </testcase> <!-- quit -->
  <testcase name="quit" classname="testBase.BaseTest">
    <skipped/>
  </testcase> <!-- quit -->
  <testcase name="quit" classname="testBase.BaseTest">
    <skipped/>
  </testcase> <!-- quit -->
  <testcase name="quit" classname="testBase.BaseTest">
    <skipped/>
  </testcase> <!-- quit -->
</testsuite> <!-- leadActivitiesTestCases.UpdateLeadReallocation -->
