<?xml version="1.0" encoding="UTF-8"?>
<!-- Generated by org.testng.reporters.JUnitReportReporter -->
<testsuite name="adminActivitiesTestCases.VerifyNewUserCreation" tests="3" time="55.647" ignored="6" failures="0" timestamp="20 Nov 2017 05:17:36 GMT" skipped="0" hostname="DT-TECH-2D80" errors="0">
  <testcase name="loginTest" time="18.290" classname="adminActivitiesTestCases.VerifyNewUserCreation"/>
  <testcase name="loginTest" time="17.596" classname="adminActivitiesTestCases.VerifyNewUserCreation"/>
  <testcase name="loginTest" time="19.761" classname="adminActivitiesTestCases.VerifyNewUserCreation"/>
  <testcase name="quit" classname="testBase.BaseTest">
    <skipped/>
  </testcase> <!-- quit -->
  <testcase name="quit" classname="testBase.BaseTest">
    <skipped/>
  </testcase> <!-- quit -->
  <testcase name="quit" classname="testBase.BaseTest">
    <skipped/>
  </testcase> <!-- quit -->
  <testcase name="quit" classname="testBase.BaseTest">
    <skipped/>
  </testcase> <!-- quit -->
  <testcase name="quit" classname="testBase.BaseTest">
    <skipped/>
  </testcase> <!-- quit -->
  <testcase name="quit" classname="testBase.BaseTest">
    <skipped/>
  </testcase> <!-- quit -->
</testsuite> <!-- adminActivitiesTestCases.VerifyNewUserCreation -->
