<?xml version="1.0" encoding="UTF-8"?>
<!-- Generated by org.testng.reporters.JUnitReportReporter -->
<testsuite name="testCases.VerifyTheStatusCreatedBillPlan" tests="1" time="72.549" ignored="0" failures="0" timestamp="16 Nov 2017 08:56:51 GMT" skipped="0" hostname="DT-TECH-2D80" errors="0">
  <testcase name="loginTest" time="72.549" classname="testCases.VerifyTheStatusCreatedBillPlan"/>
</testsuite> <!-- testCases.VerifyTheStatusCreatedBillPlan -->
