<?xml version="1.0" encoding="UTF-8"?>
<!-- Generated by org.testng.reporters.JUnitReportReporter -->
<testsuite name="testCases.ApprovalApproved" tests="1" time="62.528" ignored="0" failures="0" timestamp="22 Nov 2017 12:35:35 GMT" skipped="0" hostname="DT-TECH-2D80" errors="0">
  <testcase name="loginTest" time="62.528" classname="testCases.ApprovalApproved"/>
</testsuite> <!-- testCases.ApprovalApproved -->
