<?xml version="1.0" encoding="UTF-8"?>
<!-- Generated by org.testng.reporters.JUnitReportReporter -->
<testsuite name="testCases.UpdateLeadStatusCompleted" tests="1" time="33.369" ignored="0" failures="0" timestamp="14 Nov 2017 06:22:55 GMT" skipped="0" hostname="DT-TECH-2D80" errors="0">
  <testcase name="loginTest" time="33.369" classname="testCases.UpdateLeadStatusCompleted"/>
</testsuite> <!-- testCases.UpdateLeadStatusCompleted -->
