<?xml version="1.0" encoding="UTF-8"?>
<!-- Generated by org.testng.reporters.JUnitReportReporter -->
<testsuite name="testCases.CreateBillPlan" tests="1" time="125.290" ignored="0" failures="0" timestamp="16 Nov 2017 06:53:58 GMT" skipped="0" hostname="DT-TECH-2D80" errors="0">
  <testcase name="loginTest" time="125.290" classname="testCases.CreateBillPlan"/>
</testsuite> <!-- testCases.CreateBillPlan -->
