<?xml version="1.0" encoding="UTF-8"?>
<!-- Generated by org.testng.reporters.JUnitReportReporter -->
<testsuite name="testCases.LoginVerificationSupervisor" tests="1" time="53.792" ignored="0" failures="0" timestamp="20 Nov 2017 08:57:59 GMT" skipped="0" hostname="DT-TECH-2D80" errors="0">
  <testcase name="loginTest" time="53.792" classname="testCases.LoginVerificationSupervisor"/>
</testsuite> <!-- testCases.LoginVerificationSupervisor -->
