<?xml version="1.0" encoding="UTF-8"?>
<!-- Generated by org.testng.reporters.JUnitReportReporter -->
<testsuite name="testCases.SubLinksVerificationFOS" tests="12" time="1019.397" ignored="1" failures="0" timestamp="17 Nov 2017 06:12:04 GMT" skipped="0" hostname="DT-TECH-2D80" errors="0">
  <testcase name="loginTest" time="98.094" classname="testCases.SubLinksVerificationFOS"/>
  <testcase name="loginTest" time="86.743" classname="testCases.SubLinksVerificationFOS"/>
  <testcase name="loginTest" time="82.300" classname="testCases.SubLinksVerificationFOS"/>
  <testcase name="loginTest" time="81.082" classname="testCases.SubLinksVerificationFOS"/>
  <testcase name="loginTest" time="71.948" classname="testCases.SubLinksVerificationFOS"/>
  <testcase name="loginTest" time="79.505" classname="testCases.SubLinksVerificationFOS"/>
  <testcase name="loginTest" time="96.218" classname="testCases.SubLinksVerificationFOS"/>
  <testcase name="loginTest" time="74.535" classname="testCases.SubLinksVerificationFOS"/>
  <testcase name="loginTest" time="89.933" classname="testCases.SubLinksVerificationFOS"/>
  <testcase name="loginTest" time="86.598" classname="testCases.SubLinksVerificationFOS"/>
  <testcase name="loginTest" time="91.407" classname="testCases.SubLinksVerificationFOS"/>
  <testcase name="loginTest" time="81.034" classname="testCases.SubLinksVerificationFOS"/>
  <testcase name="quit" classname="testBase.BaseTest">
    <skipped/>
  </testcase> <!-- quit -->
</testsuite> <!-- testCases.SubLinksVerificationFOS -->
