<?xml version="1.0" encoding="UTF-8"?>
<!-- Generated by org.testng.reporters.JUnitReportReporter -->
<testsuite name="adminActivitiesTestCases.CreateNewUser" tests="4" time="231.883" ignored="6" failures="0" timestamp="20 Nov 2017 05:17:36 GMT" skipped="0" hostname="DT-TECH-2D80" errors="0">
  <testcase name="loginTest" time="69.165" classname="adminActivitiesTestCases.CreateNewUser"/>
  <testcase name="loginTest" time="56.271" classname="adminActivitiesTestCases.CreateNewUser"/>
  <testcase name="loginTest" time="53.947" classname="adminActivitiesTestCases.CreateNewUser"/>
  <testcase name="loginTest" time="52.500" classname="adminActivitiesTestCases.CreateNewUser"/>
  <testcase name="quit" classname="testBase.BaseTest">
    <skipped/>
  </testcase> <!-- quit -->
  <testcase name="quit" classname="testBase.BaseTest">
    <skipped/>
  </testcase> <!-- quit -->
  <testcase name="quit" classname="testBase.BaseTest">
    <skipped/>
  </testcase> <!-- quit -->
  <testcase name="quit" classname="testBase.BaseTest">
    <skipped/>
  </testcase> <!-- quit -->
  <testcase name="quit" classname="testBase.BaseTest">
    <skipped/>
  </testcase> <!-- quit -->
  <testcase name="quit" classname="testBase.BaseTest">
    <skipped/>
  </testcase> <!-- quit -->
</testsuite> <!-- adminActivitiesTestCases.CreateNewUser -->
