<?xml version="1.0" encoding="UTF-8"?>
<!-- Generated by org.testng.reporters.JUnitReportReporter -->
<testsuite name="testCases.InvoiceDetailsBeforeApproval" tests="1" time="30.747" ignored="0" failures="0" timestamp="23 Nov 2017 06:38:35 GMT" skipped="0" hostname="DT-TECH-2D80" errors="0">
  <testcase name="loginTest" time="30.747" classname="testCases.InvoiceDetailsBeforeApproval"/>
</testsuite> <!-- testCases.InvoiceDetailsBeforeApproval -->
