<?xml version="1.0" encoding="UTF-8"?>
<!-- Generated by org.testng.reporters.JUnitReportReporter -->
<testsuite name="testCases.CreateNewUserNegative" tests="1" time="101.310" ignored="0" failures="0" timestamp="11 Nov 2017 10:11:00 GMT" skipped="0" hostname="DT-TECH-2D80" errors="0">
  <testcase name="loginTest" time="101.310" classname="testCases.CreateNewUserNegative"/>
</testsuite> <!-- testCases.CreateNewUserNegative -->
