<?xml version="1.0" encoding="UTF-8"?>
<!-- Generated by org.testng.reporters.JUnitReportReporter -->
<testsuite name="testCases.LinksVerificationAdmin" tests="1" time="41.574" ignored="0" failures="0" timestamp="20 Nov 2017 12:30:07 GMT" skipped="0" hostname="DT-TECH-2D80" errors="0">
  <testcase name="loginTest" time="41.574" classname="testCases.LinksVerificationAdmin"/>
</testsuite> <!-- testCases.LinksVerificationAdmin -->
