<?xml version="1.0" encoding="UTF-8"?>
<!-- Generated by org.testng.reporters.JUnitReportReporter -->
<testsuite name="SmokeLevelTestCases.LoginVerification" tests="14" time="398.889" ignored="5" failures="0" timestamp="18 Nov 2017 09:57:04 GMT" skipped="0" hostname="DT-TECH-2D80" errors="0">
  <testcase name="loginTest" time="23.072" classname="SmokeLevelTestCases.LoginVerification"/>
  <testcase name="loginTest" time="28.990" classname="SmokeLevelTestCases.LoginVerification"/>
  <testcase name="loginTest" time="34.989" classname="SmokeLevelTestCases.LoginVerification"/>
  <testcase name="loginTest" time="21.112" classname="SmokeLevelTestCases.LoginVerification"/>
  <testcase name="loginTest" time="19.629" classname="SmokeLevelTestCases.LoginVerification"/>
  <testcase name="loginTest" time="21.439" classname="SmokeLevelTestCases.LoginVerification"/>
  <testcase name="loginTest" time="25.328" classname="SmokeLevelTestCases.LoginVerification"/>
  <testcase name="loginTest" time="27.983" classname="SmokeLevelTestCases.LoginVerification"/>
  <testcase name="loginTest" time="28.477" classname="SmokeLevelTestCases.LoginVerification"/>
  <testcase name="loginTest" time="16.952" classname="SmokeLevelTestCases.LoginVerification"/>
  <testcase name="loginTest" time="76.330" classname="SmokeLevelTestCases.LoginVerification"/>
  <testcase name="loginTest" time="20.531" classname="SmokeLevelTestCases.LoginVerification"/>
  <testcase name="loginTest" time="28.258" classname="SmokeLevelTestCases.LoginVerification"/>
  <testcase name="loginTest" time="25.799" classname="SmokeLevelTestCases.LoginVerification"/>
  <testcase name="quit" classname="testBase.BaseTest">
    <skipped/>
  </testcase> <!-- quit -->
  <testcase name="quit" classname="testBase.BaseTest">
    <skipped/>
  </testcase> <!-- quit -->
  <testcase name="quit" classname="testBase.BaseTest">
    <skipped/>
  </testcase> <!-- quit -->
  <testcase name="quit" classname="testBase.BaseTest">
    <skipped/>
  </testcase> <!-- quit -->
  <testcase name="quit" classname="testBase.BaseTest">
    <skipped/>
  </testcase> <!-- quit -->
</testsuite> <!-- SmokeLevelTestCases.LoginVerification -->
