<?xml version="1.0" encoding="UTF-8"?>
<!-- Generated by org.testng.reporters.JUnitReportReporter -->
<testsuite skipped="0" hostname="DT-TECH-2D80" name="testCases.TeleCallerEntryAppointment" tests="9" failures="0" timestamp="11 Apr 2018 07:03:41 GMT" time="343.055" errors="0">
  <testcase name="loginTest" time="37.785" classname="testCases.TeleCallerEntryAppointment"/>
  <testcase name="loginTest" time="37.812" classname="testCases.TeleCallerEntryAppointment"/>
  <testcase name="loginTest" time="37.798" classname="testCases.TeleCallerEntryAppointment"/>
  <testcase name="loginTest" time="37.431" classname="testCases.TeleCallerEntryAppointment"/>
  <testcase name="loginTest" time="37.838" classname="testCases.TeleCallerEntryAppointment"/>
  <testcase name="loginTest" time="37.725" classname="testCases.TeleCallerEntryAppointment"/>
  <testcase name="loginTest" time="37.971" classname="testCases.TeleCallerEntryAppointment"/>
  <testcase name="loginTest" time="38.028" classname="testCases.TeleCallerEntryAppointment"/>
  <testcase name="loginTest" time="40.667" classname="testCases.TeleCallerEntryAppointment"/>
</testsuite> <!-- testCases.TeleCallerEntryAppointment -->
