<?xml version="1.0" encoding="UTF-8"?>
<!-- Generated by org.testng.reporters.JUnitReportReporter -->
<testsuite skipped="4" hostname="DT-TECH-2D80" name="testCases.UrlVerification" tests="5" failures="0" timestamp="11 Apr 2018 07:03:41 GMT" time="8.550" errors="0">
  <testcase name="loginTest" time="0.000" classname="testCases.UrlVerification">
    <skipped/>
  </testcase> <!-- loginTest -->
  <testcase name="loginTest" time="8.535" classname="testCases.UrlVerification"/>
  <testcase name="loginTest" time="0.015" classname="testCases.UrlVerification">
    <skipped/>
  </testcase> <!-- loginTest -->
  <testcase name="loginTest" time="0.000" classname="testCases.UrlVerification">
    <skipped/>
  </testcase> <!-- loginTest -->
  <testcase name="loginTest" time="0.000" classname="testCases.UrlVerification">
    <skipped/>
  </testcase> <!-- loginTest -->
</testsuite> <!-- testCases.UrlVerification -->
