<?xml version="1.0" encoding="UTF-8"?>
<!-- Generated by org.testng.reporters.JUnitReportReporter -->
<testsuite skipped="0" hostname="DT-TECH-2D80" name="testCases.TeleCallerEntry" tests="8" failures="0" timestamp="11 Apr 2018 07:03:41 GMT" time="259.542" errors="0">
  <testcase name="loginTest" time="32.618" classname="testCases.TeleCallerEntry"/>
  <testcase name="loginTest" time="32.284" classname="testCases.TeleCallerEntry"/>
  <testcase name="loginTest" time="32.316" classname="testCases.TeleCallerEntry"/>
  <testcase name="loginTest" time="32.570" classname="testCases.TeleCallerEntry"/>
  <testcase name="loginTest" time="32.577" classname="testCases.TeleCallerEntry"/>
  <testcase name="loginTest" time="32.494" classname="testCases.TeleCallerEntry"/>
  <testcase name="loginTest" time="32.439" classname="testCases.TeleCallerEntry"/>
  <testcase name="loginTest" time="32.244" classname="testCases.TeleCallerEntry"/>
</testsuite> <!-- testCases.TeleCallerEntry -->
