<?xml version="1.0" encoding="UTF-8"?>
<!-- Generated by org.testng.reporters.JUnitReportReporter -->
<testsuite name="leadActivitiesTestCases.VerifyAssignedLeadReallocation" tests="1" time="21.807" ignored="13" failures="0" timestamp="20 Nov 2017 05:36:51 GMT" skipped="0" hostname="DT-TECH-2D80" errors="0">
  <testcase name="loginTest" time="21.807" classname="leadActivitiesTestCases.VerifyAssignedLeadReallocation"/>
  <testcase name="quit" classname="testBase.BaseTest">
    <skipped/>
  </testcase> <!-- quit -->
  <testcase name="quit" classname="testBase.BaseTest">
    <skipped/>
  </testcase> <!-- quit -->
  <testcase name="quit" classname="testBase.BaseTest">
    <skipped/>
  </testcase> <!-- quit -->
  <testcase name="quit" classname="testBase.BaseTest">
    <skipped/>
  </testcase> <!-- quit -->
  <testcase name="quit" classname="testBase.BaseTest">
    <skipped/>
  </testcase> <!-- quit -->
  <testcase name="quit" classname="testBase.BaseTest">
    <skipped/>
  </testcase> <!-- quit -->
  <testcase name="quit" classname="testBase.BaseTest">
    <skipped/>
  </testcase> <!-- quit -->
  <testcase name="quit" classname="testBase.BaseTest">
    <skipped/>
  </testcase> <!-- quit -->
  <testcase name="quit" classname="testBase.BaseTest">
    <skipped/>
  </testcase> <!-- quit -->
  <testcase name="quit" classname="testBase.BaseTest">
    <skipped/>
  </testcase> <!-- quit -->
  <testcase name="quit" classname="testBase.BaseTest">
    <skipped/>
  </testcase> <!-- quit -->
  <testcase name="quit" classname="testBase.BaseTest">
    <skipped/>
  </testcase> <!-- quit -->
  <testcase name="quit" classname="testBase.BaseTest">
    <skipped/>
  </testcase> <!-- quit -->
</testsuite> <!-- leadActivitiesTestCases.VerifyAssignedLeadReallocation -->
