<?xml version="1.0" encoding="UTF-8"?>
<!-- Generated by org.testng.reporters.JUnitReportReporter -->
<testsuite skipped="0" hostname="DT-TECH-2D80" name="SmokeTestCases.LinksVerficationSupervisor" tests="1" failures="0" timestamp="13 Jan 2018 05:19:56 GMT" time="16.457" errors="0">
  <testcase name="loginTest" time="16.457" classname="SmokeTestCases.LinksVerficationSupervisor"/>
</testsuite> <!-- SmokeTestCases.LinksVerficationSupervisor -->
