<?xml version="1.0" encoding="UTF-8"?>
<!-- Generated by org.testng.reporters.JUnitReportReporter -->
<testsuite name="testCases.InvoiceDetails" tests="1" time="65.049" ignored="0" failures="0" timestamp="21 Nov 2017 10:47:16 GMT" skipped="0" hostname="DT-TECH-2D80" errors="0">
  <testcase name="loginTest" time="65.049" classname="testCases.InvoiceDetails"/>
</testsuite> <!-- testCases.InvoiceDetails -->
