<?xml version="1.0" encoding="UTF-8"?>
<!-- Generated by org.testng.reporters.JUnitReportReporter -->
<testsuite name="leadActivitiesTestCases.UpdateLeadStatus" tests="6" time="159.673" ignored="13" failures="0" timestamp="20 Nov 2017 05:36:51 GMT" skipped="0" hostname="DT-TECH-2D80" errors="0">
  <testcase name="loginTest" time="23.999" classname="leadActivitiesTestCases.UpdateLeadStatus"/>
  <testcase name="loginTest" time="24.528" classname="leadActivitiesTestCases.UpdateLeadStatus"/>
  <testcase name="loginTest" time="23.654" classname="leadActivitiesTestCases.UpdateLeadStatus"/>
  <testcase name="loginTest" time="26.704" classname="leadActivitiesTestCases.UpdateLeadStatus"/>
  <testcase name="loginTest" time="35.323" classname="leadActivitiesTestCases.UpdateLeadStatus"/>
  <testcase name="loginTest" time="25.465" classname="leadActivitiesTestCases.UpdateLeadStatus"/>
  <testcase name="quit" classname="testBase.BaseTest">
    <skipped/>
  </testcase> <!-- quit -->
  <testcase name="quit" classname="testBase.BaseTest">
    <skipped/>
  </testcase> <!-- quit -->
  <testcase name="quit" classname="testBase.BaseTest">
    <skipped/>
  </testcase> <!-- quit -->
  <testcase name="quit" classname="testBase.BaseTest">
    <skipped/>
  </testcase> <!-- quit -->
  <testcase name="quit" classname="testBase.BaseTest">
    <skipped/>
  </testcase> <!-- quit -->
  <testcase name="quit" classname="testBase.BaseTest">
    <skipped/>
  </testcase> <!-- quit -->
  <testcase name="quit" classname="testBase.BaseTest">
    <skipped/>
  </testcase> <!-- quit -->
  <testcase name="quit" classname="testBase.BaseTest">
    <skipped/>
  </testcase> <!-- quit -->
  <testcase name="quit" classname="testBase.BaseTest">
    <skipped/>
  </testcase> <!-- quit -->
  <testcase name="quit" classname="testBase.BaseTest">
    <skipped/>
  </testcase> <!-- quit -->
  <testcase name="quit" classname="testBase.BaseTest">
    <skipped/>
  </testcase> <!-- quit -->
  <testcase name="quit" classname="testBase.BaseTest">
    <skipped/>
  </testcase> <!-- quit -->
  <testcase name="quit" classname="testBase.BaseTest">
    <skipped/>
  </testcase> <!-- quit -->
</testsuite> <!-- leadActivitiesTestCases.UpdateLeadStatus -->
